[11Jan2025 00:00:51.495] [Server thread/INFO] [net.minecraft.server.MinecraftServer/]: [PacoHeredia__: Teleported PacoHeredia__ to eloy_02]
[11Jan2025 00:02:00.962] [Server thread/INFO] [net.minecraft.server.MinecraftServer/]: [PacoHeredia__: Teleported PacoHeredia__ to eloy_02]
[11Jan2025 00:21:48.617] [Server thread/INFO] [net.minecraft.server.MinecraftServer/]: [eloy_02: Teleported eloy_02 to PacoHeredia__]
[11Jan2025 00:29:58.028] [Server thread/INFO] [net.minecraft.server.MinecraftServer/]: eloy_02 burned to death
[11Jan2025 00:31:52.009] [Server thread/INFO] [net.minecraft.server.MinecraftServer/]: eloy_02 has made the advancement [Hot Stuff]
[11Jan2025 00:39:06.811] [Server thread/INFO] [net.minecraft.server.MinecraftServer/]: eloy_02 has made the advancement [Who is Cutting Onions?]
[11Jan2025 00:59:15.642] [Server thread/INFO] [net.minecraft.server.MinecraftServer/]: [PacoHeredia__: Teleported PacoHeredia__ to eloy_02]
[11Jan2025 01:06:18.613] [Worker-Main-2/WARN] [com.finndog.mvs.MVSCommon/]: Moog's Voyager Structures: Empty or nonexistent pool: mvs:houses/small_igloo_2/side_pool which is being called from mvs:houses/medium_igloo_2
[11Jan2025 01:06:36.724] [Server thread/INFO] [net.minecraft.server.MinecraftServer/]: [PacoHeredia__: Teleported PacoHeredia__ to eloy_02]
[11Jan2025 01:10:38.963] [Server thread/INFO] [net.minecraft.server.MinecraftServer/]: eloy_02 has completed the challenge [It Spreads]
[11Jan2025 01:11:39.921] [Server thread/INFO] [net.minecraft.server.MinecraftServer/]: [PacoHeredia__: Teleported PacoHeredia__ to eloy_02]
[11Jan2025 01:12:53.858] [Server thread/INFO] [net.minecraft.server.MinecraftServer/]: [eloy_02: Teleported eloy_02 to PacoHeredia__]
[11Jan2025 01:13:21.861] [Server thread/INFO] [net.minecraft.server.MinecraftServer/]: PacoHeredia__ has completed the challenge [It Spreads]
[11Jan2025 01:15:18.319] [Server thread/INFO] [net.minecraft.server.MinecraftServer/]: [PacoHeredia__: Teleported PacoHeredia__ to eloy_02]
[11Jan2025 01:17:18.492] [Server thread/INFO] [net.minecraft.server.MinecraftServer/]: [eloy_02: Teleported eloy_02 to PacoHeredia__]
[11Jan2025 01:21:31.658] [Server thread/INFO] [net.minecraft.server.MinecraftServer/]: [PacoHeredia__: Teleported PacoHeredia__ to eloy_02]
[11Jan2025 01:22:24.261] [Server thread/INFO] [net.minecraft.server.MinecraftServer/]: eloy_02 has made the advancement [The Cutest Predator]
[11Jan2025 01:23:12.090] [Server thread/INFO] [net.minecraft.server.MinecraftServer/]: [PacoHeredia__: Teleported PacoHeredia__ to eloy_02]
[11Jan2025 01:23:13.956] [Server thread/WARN] [net.minecraft.world.level.entity.PersistentEntitySectionManager/]: UUID of added entity already exists: FallingBlockEntity['Falling Sand'/41522, l='ServerLevel[world]', x=-745.50, y=52.00, z=-2290.50]
[11Jan2025 01:27:38.526] [Server thread/INFO] [net.minecraft.server.MinecraftServer/]: [PacoHeredia__: Teleported PacoHeredia__ to eloy_02]
[11Jan2025 01:33:26.876] [Server thread/INFO] [net.minecraft.server.MinecraftServer/]: [PacoHeredia__: Teleported PacoHeredia__ to eloy_02]
[11Jan2025 01:38:26.796] [Server thread/INFO] [net.minecraft.server.MinecraftServer/]: PacoHeredia__ has made the advancement [Suit Up]
